running egg_info
creating build/lidar_detect_result/lidar_detect_result.egg-info
writing build/lidar_detect_result/lidar_detect_result.egg-info/PKG-INFO
writing dependency_links to build/lidar_detect_result/lidar_detect_result.egg-info/dependency_links.txt
writing entry points to build/lidar_detect_result/lidar_detect_result.egg-info/entry_points.txt
writing requirements to build/lidar_detect_result/lidar_detect_result.egg-info/requires.txt
writing top-level names to build/lidar_detect_result/lidar_detect_result.egg-info/top_level.txt
writing manifest file 'build/lidar_detect_result/lidar_detect_result.egg-info/SOURCES.txt'
reading manifest file 'build/lidar_detect_result/lidar_detect_result.egg-info/SOURCES.txt'
writing manifest file 'build/lidar_detect_result/lidar_detect_result.egg-info/SOURCES.txt'
running build
running build_py
creating /home/nvidia/vcii/wudi/lidar_detect_result/build/lidar_detect_result/build
creating /home/nvidia/vcii/wudi/lidar_detect_result/build/lidar_detect_result/build/lib
creating /home/nvidia/vcii/wudi/lidar_detect_result/build/lidar_detect_result/build/lib/lidar_detect_result
copying lidar_detect_result/__init__.py -> /home/nvidia/vcii/wudi/lidar_detect_result/build/lidar_detect_result/build/lib/lidar_detect_result
copying lidar_detect_result/get_detect_result.py -> /home/nvidia/vcii/wudi/lidar_detect_result/build/lidar_detect_result/build/lib/lidar_detect_result
running install
running install_lib
creating /home/nvidia/vcii/wudi/lidar_detect_result/install/lidar_detect_result/lib/python3.8/site-packages/lidar_detect_result
copying /home/nvidia/vcii/wudi/lidar_detect_result/build/lidar_detect_result/build/lib/lidar_detect_result/__init__.py -> /home/nvidia/vcii/wudi/lidar_detect_result/install/lidar_detect_result/lib/python3.8/site-packages/lidar_detect_result
copying /home/nvidia/vcii/wudi/lidar_detect_result/build/lidar_detect_result/build/lib/lidar_detect_result/get_detect_result.py -> /home/nvidia/vcii/wudi/lidar_detect_result/install/lidar_detect_result/lib/python3.8/site-packages/lidar_detect_result
byte-compiling /home/nvidia/vcii/wudi/lidar_detect_result/install/lidar_detect_result/lib/python3.8/site-packages/lidar_detect_result/__init__.py to __init__.cpython-38.pyc
byte-compiling /home/nvidia/vcii/wudi/lidar_detect_result/install/lidar_detect_result/lib/python3.8/site-packages/lidar_detect_result/get_detect_result.py to get_detect_result.cpython-38.pyc
running install_data
creating /home/nvidia/vcii/wudi/lidar_detect_result/install/lidar_detect_result/share/ament_index
creating /home/nvidia/vcii/wudi/lidar_detect_result/install/lidar_detect_result/share/ament_index/resource_index
creating /home/nvidia/vcii/wudi/lidar_detect_result/install/lidar_detect_result/share/ament_index/resource_index/packages
copying resource/lidar_detect_result -> /home/nvidia/vcii/wudi/lidar_detect_result/install/lidar_detect_result/share/ament_index/resource_index/packages
copying package.xml -> /home/nvidia/vcii/wudi/lidar_detect_result/install/lidar_detect_result/share/lidar_detect_result
running install_egg_info
Copying build/lidar_detect_result/lidar_detect_result.egg-info to /home/nvidia/vcii/wudi/lidar_detect_result/install/lidar_detect_result/lib/python3.8/site-packages/lidar_detect_result-0.0.0-py3.8.egg-info
running install_scripts
Installing lidar_detect_result script to /home/nvidia/vcii/wudi/lidar_detect_result/install/lidar_detect_result/lib/lidar_detect_result
writing list of installed files to '/home/nvidia/vcii/wudi/lidar_detect_result/build/lidar_detect_result/install.log'
