[1.832s] Invoking command in '/home/nvidia/vcii/wudi/lidar_detect_result': PYTHONPATH=/home/nvidia/vcii/wudi/lidar_detect_result/build/lidar_detect_result/prefix_override:/home/nvidia/vcii/wudi/lidar_detect_result/install/lidar_detect_result/lib/python3.8/site-packages:${PYTHONPATH} /usr/bin/python3 setup.py egg_info --egg-base build/lidar_detect_result build --build-base /home/nvidia/vcii/wudi/lidar_detect_result/build/lidar_detect_result/build install --record /home/nvidia/vcii/wudi/lidar_detect_result/build/lidar_detect_result/install.log --install-scripts $base/lib/lidar_detect_result --single-version-externally-managed
[2.170s] running egg_info
[2.170s] creating build/lidar_detect_result/lidar_detect_result.egg-info
[2.172s] writing build/lidar_detect_result/lidar_detect_result.egg-info/PKG-INFO
[2.172s] writing dependency_links to build/lidar_detect_result/lidar_detect_result.egg-info/dependency_links.txt
[2.173s] writing entry points to build/lidar_detect_result/lidar_detect_result.egg-info/entry_points.txt
[2.173s] writing requirements to build/lidar_detect_result/lidar_detect_result.egg-info/requires.txt
[2.173s] writing top-level names to build/lidar_detect_result/lidar_detect_result.egg-info/top_level.txt
[2.174s] writing manifest file 'build/lidar_detect_result/lidar_detect_result.egg-info/SOURCES.txt'
[2.218s] reading manifest file 'build/lidar_detect_result/lidar_detect_result.egg-info/SOURCES.txt'
[2.218s] writing manifest file 'build/lidar_detect_result/lidar_detect_result.egg-info/SOURCES.txt'
[2.219s] running build
[2.219s] running build_py
[2.219s] creating /home/nvidia/vcii/wudi/lidar_detect_result/build/lidar_detect_result/build
[2.220s] creating /home/nvidia/vcii/wudi/lidar_detect_result/build/lidar_detect_result/build/lib
[2.220s] creating /home/nvidia/vcii/wudi/lidar_detect_result/build/lidar_detect_result/build/lib/lidar_detect_result
[2.220s] copying lidar_detect_result/__init__.py -> /home/nvidia/vcii/wudi/lidar_detect_result/build/lidar_detect_result/build/lib/lidar_detect_result
[2.221s] copying lidar_detect_result/get_detect_result.py -> /home/nvidia/vcii/wudi/lidar_detect_result/build/lidar_detect_result/build/lib/lidar_detect_result
[2.221s] running install
[2.221s] running install_lib
[2.223s] creating /home/nvidia/vcii/wudi/lidar_detect_result/install/lidar_detect_result/lib/python3.8/site-packages/lidar_detect_result
[2.223s] copying /home/nvidia/vcii/wudi/lidar_detect_result/build/lidar_detect_result/build/lib/lidar_detect_result/__init__.py -> /home/nvidia/vcii/wudi/lidar_detect_result/install/lidar_detect_result/lib/python3.8/site-packages/lidar_detect_result
[2.224s] copying /home/nvidia/vcii/wudi/lidar_detect_result/build/lidar_detect_result/build/lib/lidar_detect_result/get_detect_result.py -> /home/nvidia/vcii/wudi/lidar_detect_result/install/lidar_detect_result/lib/python3.8/site-packages/lidar_detect_result
[2.224s] byte-compiling /home/nvidia/vcii/wudi/lidar_detect_result/install/lidar_detect_result/lib/python3.8/site-packages/lidar_detect_result/__init__.py to __init__.cpython-38.pyc
[2.226s] byte-compiling /home/nvidia/vcii/wudi/lidar_detect_result/install/lidar_detect_result/lib/python3.8/site-packages/lidar_detect_result/get_detect_result.py to get_detect_result.cpython-38.pyc
[2.226s] running install_data
[2.227s] creating /home/nvidia/vcii/wudi/lidar_detect_result/install/lidar_detect_result/share/ament_index
[2.227s] creating /home/nvidia/vcii/wudi/lidar_detect_result/install/lidar_detect_result/share/ament_index/resource_index
[2.228s] creating /home/nvidia/vcii/wudi/lidar_detect_result/install/lidar_detect_result/share/ament_index/resource_index/packages
[2.228s] copying resource/lidar_detect_result -> /home/nvidia/vcii/wudi/lidar_detect_result/install/lidar_detect_result/share/ament_index/resource_index/packages
[2.228s] copying package.xml -> /home/nvidia/vcii/wudi/lidar_detect_result/install/lidar_detect_result/share/lidar_detect_result
[2.228s] running install_egg_info
[2.231s] Copying build/lidar_detect_result/lidar_detect_result.egg-info to /home/nvidia/vcii/wudi/lidar_detect_result/install/lidar_detect_result/lib/python3.8/site-packages/lidar_detect_result-0.0.0-py3.8.egg-info
[2.232s] running install_scripts
[2.259s] Installing lidar_detect_result script to /home/nvidia/vcii/wudi/lidar_detect_result/install/lidar_detect_result/lib/lidar_detect_result
[2.259s] writing list of installed files to '/home/nvidia/vcii/wudi/lidar_detect_result/build/lidar_detect_result/install.log'
[2.308s] Invoked command in '/home/nvidia/vcii/wudi/lidar_detect_result' returned '0': PYTHONPATH=/home/nvidia/vcii/wudi/lidar_detect_result/build/lidar_detect_result/prefix_override:/home/nvidia/vcii/wudi/lidar_detect_result/install/lidar_detect_result/lib/python3.8/site-packages:${PYTHONPATH} /usr/bin/python3 setup.py egg_info --egg-base build/lidar_detect_result build --build-base /home/nvidia/vcii/wudi/lidar_detect_result/build/lidar_detect_result/build install --record /home/nvidia/vcii/wudi/lidar_detect_result/build/lidar_detect_result/install.log --install-scripts $base/lib/lidar_detect_result --single-version-externally-managed
