[4.040s] [34mcolcon[0m [1;30mDEBUG[0m [32mCommand line arguments: ['/usr/bin/colcon', 'build'][0m
[4.040s] [34mcolcon[0m [1;30mDEBUG[0m [32mParsed command line arguments: Namespace(allow_overriding=[], ament_cmake_args=None, base_paths=['.'], build_base='build', catkin_cmake_args=None, catkin_skip_building_tests=False, cmake_args=None, cmake_clean_cache=False, cmake_clean_first=False, cmake_force_configure=False, cmake_target=None, cmake_target_skip_unavailable=False, continue_on_error=False, event_handlers=None, executor='parallel', ignore_user_meta=False, install_base='install', log_base=None, log_level=None, main=<bound method BuildVerb.main of <colcon_core.verb.build.BuildVerb object at 0xffffbc7468e0>>, merge_install=False, metas=['./colcon.meta'], packages_above=None, packages_above_and_dependencies=None, packages_above_depth=None, packages_end=None, packages_ignore=None, packages_ignore_regex=None, packages_select=None, packages_select_build_failed=False, packages_select_by_dep=None, packages_select_regex=None, packages_select_test_failures=False, packages_skip=None, packages_skip_build_finished=False, packages_skip_by_dep=None, packages_skip_regex=None, packages_skip_test_passed=False, packages_skip_up_to=None, packages_start=None, packages_up_to=None, packages_up_to_regex=None, parallel_workers=12, paths=None, symlink_install=False, test_result_base=None, verb_extension=<colcon_core.verb.build.BuildVerb object at 0xffffbc7468e0>, verb_name='build', verb_parser=<colcon_defaults.argument_parser.defaults.DefaultArgumentsDecorator object at 0xffffbc6c8340>)[0m
[4.200s] [34mcolcon.colcon_core.package_discovery[0m [1;30mLevel 1[0m discover_packages(colcon_meta) check parameters
[4.201s] [34mcolcon.colcon_core.package_discovery[0m [1;30mLevel 1[0m discover_packages(recursive) check parameters
[4.201s] [34mcolcon.colcon_core.package_discovery[0m [1;30mLevel 1[0m discover_packages(ignore) check parameters
[4.201s] [34mcolcon.colcon_core.package_discovery[0m [1;30mLevel 1[0m discover_packages(path) check parameters
[4.201s] [34mcolcon.colcon_core.package_discovery[0m [1;30mLevel 1[0m discover_packages(colcon_meta) discover
[4.201s] [34mcolcon.colcon_core.package_discovery[0m [1;30mLevel 1[0m discover_packages(recursive) discover
[4.201s] [34mcolcon.colcon_core.package_discovery[0m [1;30mINFO[0m Crawling recursively for packages in '/home/nvidia/vcii/wudi/lidar_detect_result'
[4.201s] [34mcolcon.colcon_core.package_identification[0m [1;30mLevel 1[0m _identify(.) by extensions ['ignore', 'ignore_ament_install']
[4.201s] [34mcolcon.colcon_core.package_identification[0m [1;30mLevel 1[0m _identify(.) by extension 'ignore'
[4.202s] [34mcolcon.colcon_core.package_identification[0m [1;30mLevel 1[0m _identify(.) by extension 'ignore_ament_install'
[4.202s] [34mcolcon.colcon_core.package_identification[0m [1;30mLevel 1[0m _identify(.) by extensions ['colcon_pkg']
[4.202s] [34mcolcon.colcon_core.package_identification[0m [1;30mLevel 1[0m _identify(.) by extension 'colcon_pkg'
[4.202s] [34mcolcon.colcon_core.package_identification[0m [1;30mLevel 1[0m _identify(.) by extensions ['colcon_meta']
[4.202s] [34mcolcon.colcon_core.package_identification[0m [1;30mLevel 1[0m _identify(.) by extension 'colcon_meta'
[4.202s] [34mcolcon.colcon_core.package_identification[0m [1;30mLevel 1[0m _identify(.) by extensions ['ros']
[4.202s] [34mcolcon.colcon_core.package_identification[0m [1;30mLevel 1[0m _identify(.) by extension 'ros'
[4.222s] [34mcolcon.colcon_core.package_identification[0m [1;30mDEBUG[0m [32mPackage '.' with type 'ros.ament_python' and name 'lidar_detect_result'[0m
[4.223s] [34mcolcon.colcon_core.package_discovery[0m [1;30mLevel 1[0m discover_packages(recursive) using defaults
[4.223s] [34mcolcon.colcon_core.package_discovery[0m [1;30mLevel 1[0m discover_packages(ignore) discover
[4.223s] [34mcolcon.colcon_core.package_discovery[0m [1;30mLevel 1[0m discover_packages(ignore) using defaults
[4.223s] [34mcolcon.colcon_core.package_discovery[0m [1;30mLevel 1[0m discover_packages(path) discover
[4.223s] [34mcolcon.colcon_core.package_discovery[0m [1;30mLevel 1[0m discover_packages(path) using defaults
[4.576s] [34mcolcon.colcon_core.package_discovery[0m [1;30mLevel 1[0m discover_packages(prefix_path) check parameters
[4.576s] [34mcolcon.colcon_core.package_discovery[0m [1;30mLevel 1[0m discover_packages(prefix_path) discover
[4.731s] [34mcolcon.colcon_installed_package_information.package_discovery[0m [1;30mDEBUG[0m [32mFound 1 installed packages in /home/nvidia/vcii/wudi/lidar_detect_result/install[0m
[4.797s] [34mcolcon.colcon_installed_package_information.package_discovery[0m [1;30mDEBUG[0m [32mFound 1 installed packages in /home/nvidia/vcii/pointpillar_ros_version/install[0m
[4.865s] [34mcolcon.colcon_installed_package_information.package_discovery[0m [1;30mDEBUG[0m [32mFound 260 installed packages in /opt/ros/foxy[0m
[4.867s] [34mcolcon.colcon_core.package_discovery[0m [1;30mLevel 1[0m discover_packages(prefix_path) using defaults
[5.098s] [34mcolcon.colcon_core.verb[0m [1;30mLevel 5[0m set package 'lidar_detect_result' build argument 'cmake_args' from command line to 'None'
[5.099s] [34mcolcon.colcon_core.verb[0m [1;30mLevel 5[0m set package 'lidar_detect_result' build argument 'cmake_target' from command line to 'None'
[5.099s] [34mcolcon.colcon_core.verb[0m [1;30mLevel 5[0m set package 'lidar_detect_result' build argument 'cmake_target_skip_unavailable' from command line to 'False'
[5.099s] [34mcolcon.colcon_core.verb[0m [1;30mLevel 5[0m set package 'lidar_detect_result' build argument 'cmake_clean_cache' from command line to 'False'
[5.099s] [34mcolcon.colcon_core.verb[0m [1;30mLevel 5[0m set package 'lidar_detect_result' build argument 'cmake_clean_first' from command line to 'False'
[5.099s] [34mcolcon.colcon_core.verb[0m [1;30mLevel 5[0m set package 'lidar_detect_result' build argument 'cmake_force_configure' from command line to 'False'
[5.099s] [34mcolcon.colcon_core.verb[0m [1;30mLevel 5[0m set package 'lidar_detect_result' build argument 'ament_cmake_args' from command line to 'None'
[5.099s] [34mcolcon.colcon_core.verb[0m [1;30mLevel 5[0m set package 'lidar_detect_result' build argument 'catkin_cmake_args' from command line to 'None'
[5.099s] [34mcolcon.colcon_core.verb[0m [1;30mLevel 5[0m set package 'lidar_detect_result' build argument 'catkin_skip_building_tests' from command line to 'False'
[5.099s] [34mcolcon.colcon_core.verb[0m [1;30mDEBUG[0m [32mBuilding package 'lidar_detect_result' with the following arguments: {'ament_cmake_args': None, 'build_base': '/home/nvidia/vcii/wudi/lidar_detect_result/build/lidar_detect_result', 'catkin_cmake_args': None, 'catkin_skip_building_tests': False, 'cmake_args': None, 'cmake_clean_cache': False, 'cmake_clean_first': False, 'cmake_force_configure': False, 'cmake_target': None, 'cmake_target_skip_unavailable': False, 'install_base': '/home/nvidia/vcii/wudi/lidar_detect_result/install/lidar_detect_result', 'merge_install': False, 'path': '/home/nvidia/vcii/wudi/lidar_detect_result', 'symlink_install': False, 'test_result_base': None}[0m
[5.166s] [34mcolcon.colcon_core.executor[0m [1;30mINFO[0m Executing jobs using 'parallel' executor
[5.233s] [34mcolcon.colcon_parallel_executor.executor.parallel[0m [1;30mDEBUG[0m [32mrun_until_complete[0m
[5.233s] [34mcolcon.colcon_ros.task.ament_python.build[0m [1;30mINFO[0m Building ROS package in '/home/nvidia/vcii/wudi/lidar_detect_result' with build type 'ament_python'
[5.233s] [34mcolcon.colcon_core.shell[0m [1;30mLevel 1[0m create_environment_hook('lidar_detect_result', 'ament_prefix_path')
[5.302s] [34mcolcon.colcon_core.plugin_system[0m [1;30mINFO[0m Skipping extension 'colcon_core.shell.bat': Not used on non-Windows systems
[5.303s] [34mcolcon.colcon_core.shell[0m [1;30mINFO[0m Creating environment hook '/home/nvidia/vcii/wudi/lidar_detect_result/install/lidar_detect_result/share/lidar_detect_result/hook/ament_prefix_path.ps1'
[5.304s] [34mcolcon.colcon_core.shell[0m [1;30mINFO[0m Creating environment descriptor '/home/nvidia/vcii/wudi/lidar_detect_result/install/lidar_detect_result/share/lidar_detect_result/hook/ament_prefix_path.dsv'
[5.304s] [34mcolcon.colcon_core.shell[0m [1;30mINFO[0m Creating environment hook '/home/nvidia/vcii/wudi/lidar_detect_result/install/lidar_detect_result/share/lidar_detect_result/hook/ament_prefix_path.sh'
[5.403s] [34mcolcon.colcon_core.shell[0m [1;30mINFO[0m Skip shell extension 'powershell' for command environment: Not usable outside of PowerShell
[5.403s] [34mcolcon.colcon_core.shell[0m [1;30mDEBUG[0m [32mSkip shell extension 'dsv' for command environment[0m
[6.053s] [34mcolcon.colcon_core.task.python.build[0m [1;30mINFO[0m Building Python package in '/home/nvidia/vcii/wudi/lidar_detect_result'
[6.121s] [34mcolcon.colcon_core.shell[0m [1;30mINFO[0m Skip shell extension 'powershell' for command environment: Not usable outside of PowerShell
[6.121s] [34mcolcon.colcon_core.shell[0m [1;30mDEBUG[0m [32mSkip shell extension 'dsv' for command environment[0m
[7.080s] [34mcolcon.colcon_core.event_handler.log_command[0m [1;30mDEBUG[0m [32mInvoking command in '/home/nvidia/vcii/wudi/lidar_detect_result': PYTHONPATH=/home/nvidia/vcii/wudi/lidar_detect_result/build/lidar_detect_result/prefix_override:/home/nvidia/vcii/wudi/lidar_detect_result/install/lidar_detect_result/lib/python3.8/site-packages:${PYTHONPATH} /usr/bin/python3 setup.py egg_info --egg-base build/lidar_detect_result build --build-base /home/nvidia/vcii/wudi/lidar_detect_result/build/lidar_detect_result/build install --record /home/nvidia/vcii/wudi/lidar_detect_result/build/lidar_detect_result/install.log --install-scripts $base/lib/lidar_detect_result --single-version-externally-managed[0m
[7.561s] [34mcolcon.colcon_core.event_handler.log_command[0m [1;30mDEBUG[0m [32mInvoked command in '/home/nvidia/vcii/wudi/lidar_detect_result' returned '0': PYTHONPATH=/home/nvidia/vcii/wudi/lidar_detect_result/build/lidar_detect_result/prefix_override:/home/nvidia/vcii/wudi/lidar_detect_result/install/lidar_detect_result/lib/python3.8/site-packages:${PYTHONPATH} /usr/bin/python3 setup.py egg_info --egg-base build/lidar_detect_result build --build-base /home/nvidia/vcii/wudi/lidar_detect_result/build/lidar_detect_result/build install --record /home/nvidia/vcii/wudi/lidar_detect_result/build/lidar_detect_result/install.log --install-scripts $base/lib/lidar_detect_result --single-version-externally-managed[0m
[7.670s] [34mcolcon.colcon_core.environment[0m [1;30mLevel 1[0m checking '/home/nvidia/vcii/wudi/lidar_detect_result/install/lidar_detect_result' for CMake module files
[7.671s] [34mcolcon.colcon_core.environment[0m [1;30mLevel 1[0m checking '/home/nvidia/vcii/wudi/lidar_detect_result/install/lidar_detect_result' for CMake config files
[7.672s] [34mcolcon.colcon_core.environment[0m [1;30mLevel 1[0m checking '/home/nvidia/vcii/wudi/lidar_detect_result/install/lidar_detect_result/lib'
[7.673s] [34mcolcon.colcon_core.environment[0m [1;30mLevel 1[0m checking '/home/nvidia/vcii/wudi/lidar_detect_result/install/lidar_detect_result/bin'
[7.673s] [34mcolcon.colcon_core.environment[0m [1;30mLevel 1[0m checking '/home/nvidia/vcii/wudi/lidar_detect_result/install/lidar_detect_result/lib/pkgconfig/lidar_detect_result.pc'
[7.673s] [34mcolcon.colcon_core.environment[0m [1;30mLevel 1[0m checking '/home/nvidia/vcii/wudi/lidar_detect_result/install/lidar_detect_result/lib/python3.8/site-packages'
[7.673s] [34mcolcon.colcon_core.shell[0m [1;30mLevel 1[0m create_environment_hook('lidar_detect_result', 'pythonpath')
[7.741s] [34mcolcon.colcon_core.shell[0m [1;30mINFO[0m Creating environment hook '/home/nvidia/vcii/wudi/lidar_detect_result/install/lidar_detect_result/share/lidar_detect_result/hook/pythonpath.ps1'
[7.742s] [34mcolcon.colcon_core.shell[0m [1;30mINFO[0m Creating environment descriptor '/home/nvidia/vcii/wudi/lidar_detect_result/install/lidar_detect_result/share/lidar_detect_result/hook/pythonpath.dsv'
[7.742s] [34mcolcon.colcon_core.shell[0m [1;30mINFO[0m Creating environment hook '/home/nvidia/vcii/wudi/lidar_detect_result/install/lidar_detect_result/share/lidar_detect_result/hook/pythonpath.sh'
[7.743s] [34mcolcon.colcon_core.environment[0m [1;30mLevel 1[0m checking '/home/nvidia/vcii/wudi/lidar_detect_result/install/lidar_detect_result/bin'
[7.743s] [34mcolcon.colcon_core.environment[0m [1;30mLevel 1[0m create_environment_scripts_only(lidar_detect_result)
[7.811s] [34mcolcon.colcon_core.shell[0m [1;30mINFO[0m Creating package script '/home/nvidia/vcii/wudi/lidar_detect_result/install/lidar_detect_result/share/lidar_detect_result/package.ps1'
[7.813s] [34mcolcon.colcon_core.shell[0m [1;30mINFO[0m Creating package descriptor '/home/nvidia/vcii/wudi/lidar_detect_result/install/lidar_detect_result/share/lidar_detect_result/package.dsv'
[7.814s] [34mcolcon.colcon_core.shell[0m [1;30mINFO[0m Creating package script '/home/nvidia/vcii/wudi/lidar_detect_result/install/lidar_detect_result/share/lidar_detect_result/package.sh'
[7.815s] [34mcolcon.colcon_core.shell[0m [1;30mINFO[0m Creating package script '/home/nvidia/vcii/wudi/lidar_detect_result/install/lidar_detect_result/share/lidar_detect_result/package.bash'
[7.816s] [34mcolcon.colcon_core.shell[0m [1;30mINFO[0m Creating package script '/home/nvidia/vcii/wudi/lidar_detect_result/install/lidar_detect_result/share/lidar_detect_result/package.zsh'
[7.816s] [34mcolcon.colcon_core.environment[0m [1;30mLevel 1[0m create_file_with_runtime_dependencies(/home/nvidia/vcii/wudi/lidar_detect_result/install/lidar_detect_result/share/colcon-core/packages/lidar_detect_result)
[7.817s] [34mcolcon.colcon_parallel_executor.executor.parallel[0m [1;30mDEBUG[0m [32mclosing loop[0m
[7.817s] [34mcolcon.colcon_parallel_executor.executor.parallel[0m [1;30mDEBUG[0m [32mloop closed[0m
[7.818s] [34mcolcon.colcon_parallel_executor.executor.parallel[0m [1;30mDEBUG[0m [32mrun_until_complete finished with '0'[0m
[7.818s] [34mcolcon.colcon_core.event_reactor[0m [1;30mDEBUG[0m [32mjoining thread[0m
[7.893s] [34mcolcon.colcon_core.plugin_system[0m [1;30mINFO[0m Skipping extension 'colcon_notification.desktop_notification.terminal_notifier': Not used on non-Darwin systems
[7.893s] [34mcolcon.colcon_core.plugin_system[0m [1;30mINFO[0m Skipping extension 'colcon_notification.desktop_notification.win32': Not used on non-Windows systems
[7.894s] [34mcolcon.colcon_notification.desktop_notification[0m [1;30mINFO[0m Sending desktop notification using 'notify2'
[7.927s] [34mcolcon.colcon_core.event_reactor[0m [1;30mDEBUG[0m [32mjoined thread[0m
[7.994s] [34mcolcon.colcon_core.shell[0m [1;30mINFO[0m Creating prefix script '/home/nvidia/vcii/wudi/lidar_detect_result/install/local_setup.ps1'
[7.996s] [34mcolcon.colcon_core.shell[0m [1;30mINFO[0m Creating prefix util module '/home/nvidia/vcii/wudi/lidar_detect_result/install/_local_setup_util_ps1.py'
[7.998s] [34mcolcon.colcon_core.shell[0m [1;30mINFO[0m Creating prefix chain script '/home/nvidia/vcii/wudi/lidar_detect_result/install/setup.ps1'
[8.066s] [34mcolcon.colcon_core.shell[0m [1;30mINFO[0m Creating prefix script '/home/nvidia/vcii/wudi/lidar_detect_result/install/local_setup.sh'
[8.066s] [34mcolcon.colcon_core.shell[0m [1;30mINFO[0m Creating prefix util module '/home/nvidia/vcii/wudi/lidar_detect_result/install/_local_setup_util_sh.py'
[8.067s] [34mcolcon.colcon_core.shell[0m [1;30mINFO[0m Creating prefix chain script '/home/nvidia/vcii/wudi/lidar_detect_result/install/setup.sh'
[8.135s] [34mcolcon.colcon_core.shell[0m [1;30mINFO[0m Creating prefix script '/home/nvidia/vcii/wudi/lidar_detect_result/install/local_setup.bash'
[8.136s] [34mcolcon.colcon_core.shell[0m [1;30mINFO[0m Creating prefix chain script '/home/nvidia/vcii/wudi/lidar_detect_result/install/setup.bash'
[8.203s] [34mcolcon.colcon_core.shell[0m [1;30mINFO[0m Creating prefix script '/home/nvidia/vcii/wudi/lidar_detect_result/install/local_setup.zsh'
[8.204s] [34mcolcon.colcon_core.shell[0m [1;30mINFO[0m Creating prefix chain script '/home/nvidia/vcii/wudi/lidar_detect_result/install/setup.zsh'
