running egg_info
writing build/lidar_detect_result/lidar_detect_result.egg-info/PKG-INFO
writing dependency_links to build/lidar_detect_result/lidar_detect_result.egg-info/dependency_links.txt
writing entry points to build/lidar_detect_result/lidar_detect_result.egg-info/entry_points.txt
writing requirements to build/lidar_detect_result/lidar_detect_result.egg-info/requires.txt
writing top-level names to build/lidar_detect_result/lidar_detect_result.egg-info/top_level.txt
reading manifest file 'build/lidar_detect_result/lidar_detect_result.egg-info/SOURCES.txt'
writing manifest file 'build/lidar_detect_result/lidar_detect_result.egg-info/SOURCES.txt'
running build
running build_py
copying lidar_detect_result/get_detect_result.py -> /home/nvidia/vcii/wudi/lidar_detect_result/build/lidar_detect_result/build/lib/lidar_detect_result
running install
running install_lib
copying /home/nvidia/vcii/wudi/lidar_detect_result/build/lidar_detect_result/build/lib/lidar_detect_result/get_detect_result.py -> /home/nvidia/vcii/wudi/lidar_detect_result/install/lidar_detect_result/lib/python3.8/site-packages/lidar_detect_result
byte-compiling /home/nvidia/vcii/wudi/lidar_detect_result/install/lidar_detect_result/lib/python3.8/site-packages/lidar_detect_result/get_detect_result.py to get_detect_result.cpython-38.pyc
running install_data
running install_egg_info
removing '/home/nvidia/vcii/wudi/lidar_detect_result/install/lidar_detect_result/lib/python3.8/site-packages/lidar_detect_result-0.0.0-py3.8.egg-info' (and everything under it)
Copying build/lidar_detect_result/lidar_detect_result.egg-info to /home/nvidia/vcii/wudi/lidar_detect_result/install/lidar_detect_result/lib/python3.8/site-packages/lidar_detect_result-0.0.0-py3.8.egg-info
running install_scripts
Installing lidar_detect_result script to /home/nvidia/vcii/wudi/lidar_detect_result/install/lidar_detect_result/lib/lidar_detect_result
writing list of installed files to '/home/nvidia/vcii/wudi/lidar_detect_result/build/lidar_detect_result/install.log'
