[0.409s] Invoking command in '/home/wudi/python_files/lidar_detect_result': PYTHONPATH=/home/wudi/python_files/lidar_detect_result/build/lidar_detect_result/prefix_override:/usr/lib/python3/dist-packages/colcon_core/task/python/colcon_distutils_commands:/home/wudi/python_files/lidar_detect_result/install/lidar_detect_result/lib/python3.8/site-packages:${PYTHONPATH} /usr/bin/python3 -W ignore:setup.py install is deprecated -W ignore:easy_install command is deprecated setup.py egg_info --egg-base build/lidar_detect_result build --build-base /home/wudi/python_files/lidar_detect_result/build/lidar_detect_result/build install --record /home/wudi/python_files/lidar_detect_result/build/lidar_detect_result/install.log --install-scripts $base/lib/lidar_detect_result --single-version-externally-managed install_data
[0.556s] running egg_info
[0.557s] writing build/lidar_detect_result/lidar_detect_result.egg-info/PKG-INFO
[0.557s] writing dependency_links to build/lidar_detect_result/lidar_detect_result.egg-info/dependency_links.txt
[0.557s] writing entry points to build/lidar_detect_result/lidar_detect_result.egg-info/entry_points.txt
[0.557s] writing requirements to build/lidar_detect_result/lidar_detect_result.egg-info/requires.txt
[0.557s] writing top-level names to build/lidar_detect_result/lidar_detect_result.egg-info/top_level.txt
[0.578s] reading manifest file 'build/lidar_detect_result/lidar_detect_result.egg-info/SOURCES.txt'
[0.578s] writing manifest file 'build/lidar_detect_result/lidar_detect_result.egg-info/SOURCES.txt'
[0.578s] running build
[0.578s] running build_py
[0.579s] copying lidar_detect_result/get_detect_result.py -> /home/wudi/python_files/lidar_detect_result/build/lidar_detect_result/build/lib/lidar_detect_result
[0.579s] running install
[0.579s] running install_lib
[0.580s] copying /home/wudi/python_files/lidar_detect_result/build/lidar_detect_result/build/lib/lidar_detect_result/get_detect_result.py -> /home/wudi/python_files/lidar_detect_result/install/lidar_detect_result/lib/python3.8/site-packages/lidar_detect_result
[0.580s] byte-compiling /home/wudi/python_files/lidar_detect_result/install/lidar_detect_result/lib/python3.8/site-packages/lidar_detect_result/get_detect_result.py to get_detect_result.cpython-38.pyc
[0.581s] running install_data
[0.581s] running install_egg_info
[0.582s] removing '/home/wudi/python_files/lidar_detect_result/install/lidar_detect_result/lib/python3.8/site-packages/lidar_detect_result-0.0.0-py3.8.egg-info' (and everything under it)
[0.582s] Copying build/lidar_detect_result/lidar_detect_result.egg-info to /home/wudi/python_files/lidar_detect_result/install/lidar_detect_result/lib/python3.8/site-packages/lidar_detect_result-0.0.0-py3.8.egg-info
[0.582s] running install_scripts
[0.593s] Installing lidar_detect_result script to /home/wudi/python_files/lidar_detect_result/install/lidar_detect_result/lib/lidar_detect_result
[0.593s] writing list of installed files to '/home/wudi/python_files/lidar_detect_result/build/lidar_detect_result/install.log'
[0.607s] Invoked command in '/home/wudi/python_files/lidar_detect_result' returned '0': PYTHONPATH=/home/wudi/python_files/lidar_detect_result/build/lidar_detect_result/prefix_override:/usr/lib/python3/dist-packages/colcon_core/task/python/colcon_distutils_commands:/home/wudi/python_files/lidar_detect_result/install/lidar_detect_result/lib/python3.8/site-packages:${PYTHONPATH} /usr/bin/python3 -W ignore:setup.py install is deprecated -W ignore:easy_install command is deprecated setup.py egg_info --egg-base build/lidar_detect_result build --build-base /home/wudi/python_files/lidar_detect_result/build/lidar_detect_result/build install --record /home/wudi/python_files/lidar_detect_result/build/lidar_detect_result/install.log --install-scripts $base/lib/lidar_detect_result --single-version-externally-managed install_data
