[0.399s] Invoking command in '/home/wudi/python_files/lidar_detect_result': PYTHONPATH=/home/wudi/python_files/lidar_detect_result/build/lidar_detect_result/prefix_override:/usr/lib/python3/dist-packages/colcon_core/task/python/colcon_distutils_commands:/home/wudi/python_files/lidar_detect_result/install/lidar_detect_result/lib/python3.8/site-packages:${PYTHONPATH} /usr/bin/python3 -W ignore:setup.py install is deprecated -W ignore:easy_install command is deprecated setup.py egg_info --egg-base build/lidar_detect_result build --build-base /home/wudi/python_files/lidar_detect_result/build/lidar_detect_result/build install --record /home/wudi/python_files/lidar_detect_result/build/lidar_detect_result/install.log --install-scripts $base/lib/lidar_detect_result --single-version-externally-managed install_data
[0.528s] running egg_info
[0.528s] creating build/lidar_detect_result/lidar_detect_result.egg-info
[0.528s] writing build/lidar_detect_result/lidar_detect_result.egg-info/PKG-INFO
[0.528s] writing dependency_links to build/lidar_detect_result/lidar_detect_result.egg-info/dependency_links.txt
[0.528s] writing entry points to build/lidar_detect_result/lidar_detect_result.egg-info/entry_points.txt
[0.528s] writing requirements to build/lidar_detect_result/lidar_detect_result.egg-info/requires.txt
[0.528s] writing top-level names to build/lidar_detect_result/lidar_detect_result.egg-info/top_level.txt
[0.529s] writing manifest file 'build/lidar_detect_result/lidar_detect_result.egg-info/SOURCES.txt'
[0.549s] reading manifest file 'build/lidar_detect_result/lidar_detect_result.egg-info/SOURCES.txt'
[0.549s] writing manifest file 'build/lidar_detect_result/lidar_detect_result.egg-info/SOURCES.txt'
[0.549s] running build
[0.549s] running build_py
[0.549s] creating /home/wudi/python_files/lidar_detect_result/build/lidar_detect_result/build
[0.549s] creating /home/wudi/python_files/lidar_detect_result/build/lidar_detect_result/build/lib
[0.549s] creating /home/wudi/python_files/lidar_detect_result/build/lidar_detect_result/build/lib/lidar_detect_result
[0.550s] copying lidar_detect_result/__init__.py -> /home/wudi/python_files/lidar_detect_result/build/lidar_detect_result/build/lib/lidar_detect_result
[0.550s] copying lidar_detect_result/get_detect_result.py -> /home/wudi/python_files/lidar_detect_result/build/lidar_detect_result/build/lib/lidar_detect_result
[0.550s] running install
[0.550s] running install_lib
[0.550s] creating /home/wudi/python_files/lidar_detect_result/install/lidar_detect_result/lib/python3.8/site-packages/lidar_detect_result
[0.550s] copying /home/wudi/python_files/lidar_detect_result/build/lidar_detect_result/build/lib/lidar_detect_result/__init__.py -> /home/wudi/python_files/lidar_detect_result/install/lidar_detect_result/lib/python3.8/site-packages/lidar_detect_result
[0.551s] copying /home/wudi/python_files/lidar_detect_result/build/lidar_detect_result/build/lib/lidar_detect_result/get_detect_result.py -> /home/wudi/python_files/lidar_detect_result/install/lidar_detect_result/lib/python3.8/site-packages/lidar_detect_result
[0.551s] byte-compiling /home/wudi/python_files/lidar_detect_result/install/lidar_detect_result/lib/python3.8/site-packages/lidar_detect_result/__init__.py to __init__.cpython-38.pyc
[0.551s] byte-compiling /home/wudi/python_files/lidar_detect_result/install/lidar_detect_result/lib/python3.8/site-packages/lidar_detect_result/get_detect_result.py to get_detect_result.cpython-38.pyc
[0.552s] running install_data
[0.552s] creating /home/wudi/python_files/lidar_detect_result/install/lidar_detect_result/share/ament_index
[0.552s] creating /home/wudi/python_files/lidar_detect_result/install/lidar_detect_result/share/ament_index/resource_index
[0.552s] creating /home/wudi/python_files/lidar_detect_result/install/lidar_detect_result/share/ament_index/resource_index/packages
[0.552s] copying resource/lidar_detect_result -> /home/wudi/python_files/lidar_detect_result/install/lidar_detect_result/share/ament_index/resource_index/packages
[0.552s] copying package.xml -> /home/wudi/python_files/lidar_detect_result/install/lidar_detect_result/share/lidar_detect_result
[0.552s] running install_egg_info
[0.553s] Copying build/lidar_detect_result/lidar_detect_result.egg-info to /home/wudi/python_files/lidar_detect_result/install/lidar_detect_result/lib/python3.8/site-packages/lidar_detect_result-0.0.0-py3.8.egg-info
[0.553s] running install_scripts
[0.563s] Installing lidar_detect_result script to /home/wudi/python_files/lidar_detect_result/install/lidar_detect_result/lib/lidar_detect_result
[0.563s] writing list of installed files to '/home/wudi/python_files/lidar_detect_result/build/lidar_detect_result/install.log'
[0.576s] Invoked command in '/home/wudi/python_files/lidar_detect_result' returned '0': PYTHONPATH=/home/wudi/python_files/lidar_detect_result/build/lidar_detect_result/prefix_override:/usr/lib/python3/dist-packages/colcon_core/task/python/colcon_distutils_commands:/home/wudi/python_files/lidar_detect_result/install/lidar_detect_result/lib/python3.8/site-packages:${PYTHONPATH} /usr/bin/python3 -W ignore:setup.py install is deprecated -W ignore:easy_install command is deprecated setup.py egg_info --egg-base build/lidar_detect_result build --build-base /home/wudi/python_files/lidar_detect_result/build/lidar_detect_result/build install --record /home/wudi/python_files/lidar_detect_result/build/lidar_detect_result/install.log --install-scripts $base/lib/lidar_detect_result --single-version-externally-managed install_data
